<?xml version="1.0" encoding="utf-8"?><testsuites name="pytest tests"><testsuite name="pytest" errors="0" failures="2" skipped="0" tests="17" time="14.619" timestamp="2026-01-12T20:20:30.982495+00:00" hostname="agent-env-36cb60ab-143f-482f-b4ac-2c9070ea37c6"><testcase classname="tests.test_gaaius_runtime.TestRuntimeStatus" name="test_runtime_status_returns_200" time="0.074" /><testcase classname="tests.test_gaaius_runtime.TestRuntimeStatus" name="test_runtime_status_has_name_and_version" time="0.041" /><testcase classname="tests.test_gaaius_runtime.TestRuntimeStatus" name="test_runtime_status_has_capabilities" time="0.042" /><testcase classname="tests.test_gaaius_runtime.TestRuntimeStatus" name="test_runtime_status_has_supported_app_types" time="0.081" /><testcase classname="tests.test_gaaius_runtime.TestRuntimeStatus" name="test_runtime_status_has_export_options" time="0.040" /><testcase classname="tests.test_gaaius_runtime.TestGenerateRuntime" name="test_generate_runtime_requires_auth" time="0.042"><failure message="AssertionError: Expected 401/403 without auth, got 200&#10;assert 200 in [401, 403]&#10; +  where 200 = &lt;Response [200]&gt;.status_code">tests/test_gaaius_runtime.py:124: in test_generate_runtime_requires_auth
    assert response.status_code in [401, 403], f"Expected 401/403 without auth, got {response.status_code}"
E   AssertionError: Expected 401/403 without auth, got 200
E   assert 200 in [401, 403]
E    +  where 200 = &lt;Response [200]&gt;.status_code</failure></testcase><testcase classname="tests.test_gaaius_runtime.TestGenerateRuntime" name="test_generate_runtime_youtube_clone" time="1.854" /><testcase classname="tests.test_gaaius_runtime.TestGenerateRuntime" name="test_generate_runtime_has_package_json" time="3.245" /><testcase classname="tests.test_gaaius_runtime.TestGenerateRuntime" name="test_generate_runtime_has_vite_config" time="0.133" /><testcase classname="tests.test_gaaius_runtime.TestGenerateRuntime" name="test_generate_runtime_has_tsconfig" time="2.790" /><testcase classname="tests.test_gaaius_runtime.TestGenerateRuntime" name="test_generate_runtime_has_react_components" time="0.107" /><testcase classname="tests.test_gaaius_runtime.TestGenerateRuntime" name="test_generate_runtime_has_backend_files" time="0.160" /><testcase classname="tests.test_gaaius_runtime.TestGenerateRuntime" name="test_generate_runtime_returns_stats" time="3.019" /><testcase classname="tests.test_gaaius_runtime.TestGenerateRuntime" name="test_generate_runtime_returns_blueprint" time="2.193" /><testcase classname="tests.test_gaaius_runtime.TestRuntimeModify" name="test_runtime_modify_requires_auth" time="0.512"><failure message="AssertionError: Expected 401/403, got 520&#10;assert 520 in [401, 403]&#10; +  where 520 = &lt;Response [520]&gt;.status_code">tests/test_gaaius_runtime.py:373: in test_runtime_modify_requires_auth
    assert response.status_code in [401, 403], f"Expected 401/403, got {response.status_code}"
E   AssertionError: Expected 401/403, got 520
E   assert 520 in [401, 403]
E    +  where 520 = &lt;Response [520]&gt;.status_code</failure></testcase><testcase classname="tests.test_gaaius_runtime.TestRuntimeModify" name="test_runtime_modify_requires_existing_files" time="0.085" /><testcase classname="tests.test_gaaius_runtime.TestHealthEndpoint" name="test_health_endpoint" time="0.038" /></testsuite></testsuites>