<?xml version="1.0" encoding="utf-8"?><testsuites name="pytest tests"><testsuite name="pytest" errors="0" failures="0" skipped="0" tests="21" time="3.881" timestamp="2026-01-12T21:13:40.142386+00:00" hostname="agent-env-36cb60ab-143f-482f-b4ac-2c9070ea37c6"><testcase classname="tests.test_iteration_9.TestRuntimeStatusV2" name="test_runtime_status_returns_200" time="0.075" /><testcase classname="tests.test_iteration_9.TestRuntimeStatusV2" name="test_runtime_version_is_2_0_0" time="0.076" /><testcase classname="tests.test_iteration_9.TestRuntimeStatusV2" name="test_min_target_lines_is_80000" time="0.042" /><testcase classname="tests.test_iteration_9.TestRuntimeStatusV2" name="test_capabilities_include_devops" time="0.078" /><testcase classname="tests.test_iteration_9.TestRuntimeStatusV2" name="test_features_include_staged_building" time="0.045" /><testcase classname="tests.test_iteration_9.TestRuntimeStatusV2" name="test_features_include_multi_agent" time="0.039" /><testcase classname="tests.test_iteration_9.TestRuntimeStatusV2" name="test_build_stages_list_present" time="0.041" /><testcase classname="tests.test_iteration_9.TestRuntimeStatusV2" name="test_agent_roles_list_present" time="0.035" /><testcase classname="tests.test_iteration_9.TestBuildStagesEndpoint" name="test_stages_endpoint_returns_200" time="0.042" /><testcase classname="tests.test_iteration_9.TestBuildStagesEndpoint" name="test_stages_returns_10_stages" time="0.035" /><testcase classname="tests.test_iteration_9.TestBuildStagesEndpoint" name="test_stages_have_required_fields" time="0.040" /><testcase classname="tests.test_iteration_9.TestBuildStagesEndpoint" name="test_stages_min_target_lines_is_80000" time="0.037" /><testcase classname="tests.test_iteration_9.TestBuildStagesEndpoint" name="test_stages_include_devops_stage" time="0.037" /><testcase classname="tests.test_iteration_9.TestAgentsEndpoint" name="test_agents_endpoint_returns_200" time="0.039" /><testcase classname="tests.test_iteration_9.TestAgentsEndpoint" name="test_agents_returns_8_roles" time="0.044" /><testcase classname="tests.test_iteration_9.TestAgentsEndpoint" name="test_agents_have_required_fields" time="0.041" /><testcase classname="tests.test_iteration_9.TestAgentsEndpoint" name="test_agents_include_devops_engineer" time="0.039" /><testcase classname="tests.test_iteration_9.TestAgentsEndpoint" name="test_pipelines_present" time="0.040" /><testcase classname="tests.test_iteration_9.TestStagedGenerateEndpoint" name="test_staged_generate_endpoint_exists" time="0.038" /><testcase classname="tests.test_iteration_9.TestGenerateRuntimeShellScripts" name="test_generate_runtime_returns_run_commands" time="2.925" /><testcase classname="tests.test_iteration_9.TestHealthEndpoint" name="test_health_endpoint" time="0.035" /></testsuite></testsuites>